<?xml version="1.0"?>
<!DOCTYPE coverage SYSTEM "http://cobertura.sourceforge.net/xml/coverage-04.dtd">
<coverage line-rate="0,18" lines-covered="1302" lines-valid="235" branches-covered="27" branches-valid="10" branch-rate="0,37" complexity="0" version="1.0" timestamp="1421798278382">
      <sources>
        <source>/src/main/scala</source>
      </sources>
      <packages>
        <package name="de.htwg.GUI" line-rate="0,00" branch-rate="0,00" complexity="0">
      <classes>
        <class name="InitTeamsDialog" filename="src/main/scala/de/htwg/GUI/InitTeamsDialog.scala" line-rate="0,00" branch-rate="0,00" complexity="0">
      <methods>
        <method name="de.htwg.GUI/InitTeamsDialog/&lt;none&gt;" signature="()V" line-rate="0,00" branch-rate="0,00">
      <lines>
        <line number="32" hits="0" branch="false"/><line number="38" hits="0" branch="false"/><line number="23" hits="0" branch="false"/><line number="6" hits="0" branch="false"/><line number="12" hits="0" branch="false"/><line number="12" hits="0" branch="false"/><line number="17" hits="0" branch="false"/><line number="27" hits="0" branch="false"/><line number="19" hits="0" branch="false"/><line number="7" hits="0" branch="false"/><line number="15" hits="0" branch="false"/><line number="38" hits="0" branch="false"/><line number="41" hits="0" branch="false"/><line number="14" hits="0" branch="false"/><line number="13" hits="0" branch="false"/><line number="7" hits="0" branch="false"/><line number="29" hits="0" branch="false"/><line number="28" hits="0" branch="false"/><line number="38" hits="0" branch="false"/><line number="23" hits="0" branch="false"/><line number="11" hits="0" branch="false"/><line number="36" hits="0" branch="false"/><line number="37" hits="0" branch="false"/><line number="22" hits="0" branch="false"/><line number="31" hits="0" branch="false"/><line number="7" hits="0" branch="false"/><line number="16" hits="0" branch="false"/><line number="21" hits="0" branch="false"/><line number="9" hits="0" branch="false"/><line number="23" hits="0" branch="false"/><line number="26" hits="0" branch="false"/><line number="32" hits="0" branch="false"/><line number="17" hits="0" branch="false"/><line number="16" hits="0" branch="false"/><line number="38" hits="0" branch="false"/><line number="8" hits="0" branch="false"/><line number="26" hits="0" branch="false"/><line number="31" hits="0" branch="false"/><line number="23" hits="0" branch="false"/><line number="41" hits="0" branch="false"/><line number="7" hits="0" branch="false"/><line number="14" hits="0" branch="false"/><line number="38" hits="0" branch="false"/><line number="29" hits="0" branch="false"/><line number="30" hits="0" branch="false"/><line number="11" hits="0" branch="false"/><line number="15" hits="0" branch="false"/><line number="23" hits="0" branch="false"/><line number="15" hits="0" branch="false"/><line number="30" hits="0" branch="false"/><line number="34" hits="0" branch="false"/><line number="7" hits="0" branch="false"/><line number="19" hits="0" branch="false"/><line number="24" hits="0" branch="false"/><line number="39" hits="0" branch="false"/><line number="38" hits="0" branch="false"/><line number="34" hits="0" branch="false"/><line number="23" hits="0" branch="false"/><line number="30" hits="0" branch="false"/><line number="7" hits="0" branch="false"/><line number="16" hits="0" branch="false"/><line number="31" hits="0" branch="false"/><line number="22" hits="0" branch="false"/><line number="37" hits="0" branch="false"/><line number="36" hits="0" branch="false"/><line number="21" hits="0" branch="false"/>
      </lines>
    </method><method name="de.htwg.GUI/InitTeamsDialog/endDialog" signature="()V" line-rate="0,00" branch-rate="0,00">
      <lines>
        <line number="47" hits="0" branch="false"/><line number="46" hits="0" branch="false"/><line number="44" hits="0" branch="false"/>
      </lines>
    </method>
      </methods>
      <lines>
        <line number="32" hits="0" branch="false"/><line number="38" hits="0" branch="false"/><line number="23" hits="0" branch="false"/><line number="6" hits="0" branch="false"/><line number="12" hits="0" branch="false"/><line number="12" hits="0" branch="false"/><line number="17" hits="0" branch="false"/><line number="27" hits="0" branch="false"/><line number="19" hits="0" branch="false"/><line number="7" hits="0" branch="false"/><line number="15" hits="0" branch="false"/><line number="38" hits="0" branch="false"/><line number="41" hits="0" branch="false"/><line number="14" hits="0" branch="false"/><line number="13" hits="0" branch="false"/><line number="7" hits="0" branch="false"/><line number="29" hits="0" branch="false"/><line number="28" hits="0" branch="false"/><line number="38" hits="0" branch="false"/><line number="23" hits="0" branch="false"/><line number="11" hits="0" branch="false"/><line number="36" hits="0" branch="false"/><line number="37" hits="0" branch="false"/><line number="22" hits="0" branch="false"/><line number="31" hits="0" branch="false"/><line number="7" hits="0" branch="false"/><line number="16" hits="0" branch="false"/><line number="21" hits="0" branch="false"/><line number="47" hits="0" branch="false"/><line number="9" hits="0" branch="false"/><line number="23" hits="0" branch="false"/><line number="26" hits="0" branch="false"/><line number="32" hits="0" branch="false"/><line number="17" hits="0" branch="false"/><line number="46" hits="0" branch="false"/><line number="16" hits="0" branch="false"/><line number="38" hits="0" branch="false"/><line number="8" hits="0" branch="false"/><line number="26" hits="0" branch="false"/><line number="31" hits="0" branch="false"/><line number="23" hits="0" branch="false"/><line number="41" hits="0" branch="false"/><line number="7" hits="0" branch="false"/><line number="14" hits="0" branch="false"/><line number="38" hits="0" branch="false"/><line number="29" hits="0" branch="false"/><line number="30" hits="0" branch="false"/><line number="11" hits="0" branch="false"/><line number="15" hits="0" branch="false"/><line number="23" hits="0" branch="false"/><line number="15" hits="0" branch="false"/><line number="30" hits="0" branch="false"/><line number="34" hits="0" branch="false"/><line number="7" hits="0" branch="false"/><line number="19" hits="0" branch="false"/><line number="24" hits="0" branch="false"/><line number="39" hits="0" branch="false"/><line number="38" hits="0" branch="false"/><line number="34" hits="0" branch="false"/><line number="23" hits="0" branch="false"/><line number="30" hits="0" branch="false"/><line number="44" hits="0" branch="false"/><line number="7" hits="0" branch="false"/><line number="16" hits="0" branch="false"/><line number="31" hits="0" branch="false"/><line number="22" hits="0" branch="false"/><line number="37" hits="0" branch="false"/><line number="36" hits="0" branch="false"/><line number="21" hits="0" branch="false"/>
      </lines>
    </class><class name="InitTnGDialog" filename="src/main/scala/de/htwg/GUI/InitTnGDialo.scala" line-rate="0,00" branch-rate="0,00" complexity="0">
      <methods>
        <method name="de.htwg.GUI/InitTnGDialog/endDialog" signature="()V" line-rate="0,00" branch-rate="0,00">
      <lines>
        <line number="41" hits="0" branch="false"/><line number="39" hits="0" branch="false"/><line number="42" hits="0" branch="false"/>
      </lines>
    </method><method name="de.htwg.GUI/InitTnGDialog/&lt;none&gt;" signature="()V" line-rate="0,00" branch-rate="0,00">
      <lines>
        <line number="18" hits="0" branch="false"/><line number="10" hits="0" branch="false"/><line number="33" hits="0" branch="false"/><line number="25" hits="0" branch="false"/><line number="8" hits="0" branch="false"/><line number="18" hits="0" branch="false"/><line number="22" hits="0" branch="false"/><line number="26" hits="0" branch="false"/><line number="29" hits="0" branch="false"/><line number="25" hits="0" branch="false"/><line number="19" hits="0" branch="false"/><line number="33" hits="0" branch="false"/><line number="13" hits="0" branch="false"/><line number="25" hits="0" branch="false"/><line number="15" hits="0" branch="false"/><line number="29" hits="0" branch="false"/><line number="16" hits="0" branch="false"/><line number="20" hits="0" branch="false"/><line number="26" hits="0" branch="false"/><line number="29" hits="0" branch="false"/><line number="16" hits="0" branch="false"/><line number="33" hits="0" branch="false"/><line number="20" hits="0" branch="false"/><line number="26" hits="0" branch="false"/><line number="23" hits="0" branch="false"/><line number="26" hits="0" branch="false"/><line number="29" hits="0" branch="false"/><line number="17" hits="0" branch="false"/><line number="23" hits="0" branch="false"/><line number="7" hits="0" branch="false"/><line number="33" hits="0" branch="false"/><line number="19" hits="0" branch="false"/><line number="25" hits="0" branch="false"/><line number="36" hits="0" branch="false"/><line number="11" hits="0" branch="false"/><line number="27" hits="0" branch="false"/><line number="25" hits="0" branch="false"/><line number="26" hits="0" branch="false"/><line number="25" hits="0" branch="false"/><line number="36" hits="0" branch="false"/><line number="14" hits="0" branch="false"/><line number="15" hits="0" branch="false"/><line number="29" hits="0" branch="false"/><line number="33" hits="0" branch="false"/><line number="13" hits="0" branch="false"/><line number="26" hits="0" branch="false"/><line number="22" hits="0" branch="false"/><line number="26" hits="0" branch="false"/><line number="33" hits="0" branch="false"/><line number="6" hits="0" branch="false"/><line number="17" hits="0" branch="false"/><line number="29" hits="0" branch="false"/>
      </lines>
    </method>
      </methods>
      <lines>
        <line number="18" hits="0" branch="false"/><line number="10" hits="0" branch="false"/><line number="33" hits="0" branch="false"/><line number="41" hits="0" branch="false"/><line number="25" hits="0" branch="false"/><line number="8" hits="0" branch="false"/><line number="18" hits="0" branch="false"/><line number="22" hits="0" branch="false"/><line number="26" hits="0" branch="false"/><line number="29" hits="0" branch="false"/><line number="25" hits="0" branch="false"/><line number="19" hits="0" branch="false"/><line number="33" hits="0" branch="false"/><line number="13" hits="0" branch="false"/><line number="25" hits="0" branch="false"/><line number="15" hits="0" branch="false"/><line number="29" hits="0" branch="false"/><line number="16" hits="0" branch="false"/><line number="20" hits="0" branch="false"/><line number="26" hits="0" branch="false"/><line number="39" hits="0" branch="false"/><line number="29" hits="0" branch="false"/><line number="16" hits="0" branch="false"/><line number="33" hits="0" branch="false"/><line number="20" hits="0" branch="false"/><line number="26" hits="0" branch="false"/><line number="23" hits="0" branch="false"/><line number="26" hits="0" branch="false"/><line number="29" hits="0" branch="false"/><line number="17" hits="0" branch="false"/><line number="23" hits="0" branch="false"/><line number="7" hits="0" branch="false"/><line number="33" hits="0" branch="false"/><line number="19" hits="0" branch="false"/><line number="25" hits="0" branch="false"/><line number="36" hits="0" branch="false"/><line number="11" hits="0" branch="false"/><line number="27" hits="0" branch="false"/><line number="25" hits="0" branch="false"/><line number="26" hits="0" branch="false"/><line number="25" hits="0" branch="false"/><line number="36" hits="0" branch="false"/><line number="14" hits="0" branch="false"/><line number="15" hits="0" branch="false"/><line number="29" hits="0" branch="false"/><line number="33" hits="0" branch="false"/><line number="13" hits="0" branch="false"/><line number="26" hits="0" branch="false"/><line number="22" hits="0" branch="false"/><line number="26" hits="0" branch="false"/><line number="33" hits="0" branch="false"/><line number="6" hits="0" branch="false"/><line number="17" hits="0" branch="false"/><line number="42" hits="0" branch="false"/><line number="29" hits="0" branch="false"/>
      </lines>
    </class><class name="InitGroupsDialog" filename="src/main/scala/de/htwg/GUI/InitGroupsDialog.scala" line-rate="0,00" branch-rate="0,00" complexity="0">
      <methods>
        <method name="de.htwg.GUI/InitGroupsDialog/endDialog" signature="()V" line-rate="0,00" branch-rate="0,00">
      <lines>
        <line number="32" hits="0" branch="false"/><line number="31" hits="0" branch="false"/><line number="29" hits="0" branch="false"/>
      </lines>
    </method><method name="de.htwg.GUI/InitGroupsDialog/&lt;none&gt;" signature="()V" line-rate="0,00" branch-rate="0,00">
      <lines>
        <line number="8" hits="0" branch="false"/><line number="16" hits="0" branch="false"/><line number="21" hits="0" branch="false"/><line number="22" hits="0" branch="false"/><line number="23" hits="0" branch="false"/><line number="26" hits="0" branch="false"/><line number="9" hits="0" branch="false"/><line number="17" hits="0" branch="false"/><line number="8" hits="0" branch="false"/><line number="26" hits="0" branch="false"/><line number="14" hits="0" branch="false"/><line number="15" hits="0" branch="false"/><line number="7" hits="0" branch="false"/><line number="23" hits="0" branch="false"/><line number="12" hits="0" branch="false"/><line number="24" hits="0" branch="false"/><line number="8" hits="0" branch="false"/><line number="15" hits="0" branch="false"/><line number="19" hits="0" branch="false"/><line number="8" hits="0" branch="false"/><line number="16" hits="0" branch="false"/><line number="23" hits="0" branch="false"/><line number="16" hits="0" branch="false"/><line number="22" hits="0" branch="false"/><line number="8" hits="0" branch="false"/><line number="21" hits="0" branch="false"/><line number="12" hits="0" branch="false"/><line number="17" hits="0" branch="false"/><line number="23" hits="0" branch="false"/><line number="10" hits="0" branch="false"/><line number="15" hits="0" branch="false"/><line number="19" hits="0" branch="false"/><line number="23" hits="0" branch="false"/><line number="8" hits="0" branch="false"/><line number="13" hits="0" branch="false"/><line number="14" hits="0" branch="false"/><line number="23" hits="0" branch="false"/>
      </lines>
    </method>
      </methods>
      <lines>
        <line number="8" hits="0" branch="false"/><line number="16" hits="0" branch="false"/><line number="21" hits="0" branch="false"/><line number="22" hits="0" branch="false"/><line number="23" hits="0" branch="false"/><line number="26" hits="0" branch="false"/><line number="9" hits="0" branch="false"/><line number="17" hits="0" branch="false"/><line number="8" hits="0" branch="false"/><line number="26" hits="0" branch="false"/><line number="14" hits="0" branch="false"/><line number="15" hits="0" branch="false"/><line number="7" hits="0" branch="false"/><line number="23" hits="0" branch="false"/><line number="12" hits="0" branch="false"/><line number="24" hits="0" branch="false"/><line number="32" hits="0" branch="false"/><line number="8" hits="0" branch="false"/><line number="15" hits="0" branch="false"/><line number="19" hits="0" branch="false"/><line number="8" hits="0" branch="false"/><line number="16" hits="0" branch="false"/><line number="23" hits="0" branch="false"/><line number="16" hits="0" branch="false"/><line number="22" hits="0" branch="false"/><line number="8" hits="0" branch="false"/><line number="21" hits="0" branch="false"/><line number="12" hits="0" branch="false"/><line number="17" hits="0" branch="false"/><line number="23" hits="0" branch="false"/><line number="10" hits="0" branch="false"/><line number="31" hits="0" branch="false"/><line number="15" hits="0" branch="false"/><line number="19" hits="0" branch="false"/><line number="23" hits="0" branch="false"/><line number="8" hits="0" branch="false"/><line number="13" hits="0" branch="false"/><line number="29" hits="0" branch="false"/><line number="14" hits="0" branch="false"/><line number="23" hits="0" branch="false"/>
      </lines>
    </class><class name="PlayerManager" filename="src/main/scala/de/htwg/GUI/PlayerManager.scala" line-rate="0,00" branch-rate="0,00" complexity="0">
      <methods>
        <method name="de.htwg.GUI/PlayerManager/applyOrElse" signature="()V" line-rate="0,00" branch-rate="0,00">
      <lines>
        <line number="91" hits="0" branch="false"/><line number="21" hits="0" branch="false"/><line number="88" hits="0" branch="false"/><line number="104" hits="0" branch="false"/><line number="79" hits="0" branch="false"/><line number="84" hits="0" branch="false"/><line number="95" hits="0" branch="false"/><line number="20" hits="0" branch="false"/><line number="70" hits="0" branch="false"/><line number="90" hits="0" branch="false"/><line number="78" hits="0" branch="false"/><line number="85" hits="0" branch="false"/><line number="55" hits="0" branch="false"/><line number="60" hits="0" branch="false"/><line number="75" hits="0" branch="false"/><line number="66" hits="0" branch="false"/><line number="17" hits="0" branch="false"/><line number="43" hits="0" branch="false"/><line number="51" hits="0" branch="false"/><line number="57" hits="0" branch="false"/><line number="72" hits="0" branch="false"/><line number="75" hits="0" branch="false"/><line number="62" hits="0" branch="false"/><line number="47" hits="0" branch="false"/><line number="52" hits="0" branch="false"/><line number="92" hits="0" branch="false"/><line number="37" hits="0" branch="false"/><line number="23" hits="0" branch="false"/><line number="42" hits="0" branch="false"/><line number="87" hits="0" branch="false"/><line number="103" hits="0" branch="false"/><line number="97" hits="0" branch="false"/><line number="82" hits="0" branch="false"/><line number="28" hits="0" branch="false"/><line number="32" hits="0" branch="false"/><line number="67" hits="0" branch="false"/><line number="25" hits="0" branch="false"/><line number="69" hits="0" branch="false"/><line number="73" hits="0" branch="false"/><line number="58" hits="0" branch="false"/><line number="44" hits="0" branch="false"/><line number="62" hits="0" branch="false"/><line number="49" hits="0" branch="false"/><line number="34" hits="0" branch="false"/><line number="54" hits="0" branch="false"/><line number="39" hits="0" branch="false"/><line number="29" hits="0" branch="false"/><line number="31" hits="0" branch="false"/><line number="40" hits="0" branch="false"/><line number="36" hits="0" branch="false"/><line number="26" hits="0" branch="false"/><line number="94" hits="0" branch="false"/><line number="102" hits="0" branch="false"/><line number="86" hits="0" branch="false"/><line number="91" hits="0" branch="false"/><line number="58" hits="0" branch="false"/><line number="98" hits="0" branch="false"/><line number="68" hits="0" branch="false"/><line number="91" hits="0" branch="false"/><line number="83" hits="0" branch="false"/><line number="18" hits="0" branch="false"/><line number="88" hits="0" branch="false"/><line number="73" hits="0" branch="false"/><line number="78" hits="0" branch="false"/><line number="63" hits="0" branch="false"/><line number="53" hits="0" branch="false"/><line number="89" hits="0" branch="false"/><line number="74" hits="0" branch="false"/><line number="78" hits="0" branch="false"/><line number="65" hits="0" branch="false"/><line number="50" hits="0" branch="false"/><line number="70" hits="0" branch="false"/><line number="40" hits="0" branch="false"/><line number="43" hits="0" branch="false"/><line number="60" hits="0" branch="false"/><line number="17" hits="0" branch="false"/><line number="55" hits="0" branch="false"/><line number="95" hits="0" branch="false"/><line number="20" hits="0" branch="false"/><line number="85" hits="0" branch="false"/><line number="26" hits="0" branch="false"/><line number="30" hits="0" branch="false"/><line number="35" hits="0" branch="false"/><line number="52" hits="0" branch="false"/><line number="27" hits="0" branch="false"/><line number="47" hits="0" branch="false"/><line number="71" hits="0" branch="false"/><line number="76" hits="0" branch="false"/><line number="22" hits="0" branch="false"/><line number="59" hits="0" branch="false"/><line number="67" hits="0" branch="false"/><line number="82" hits="0" branch="false"/><line number="37" hits="0" branch="false"/><line number="56" hits="0" branch="false"/><line number="41" hits="0" branch="false"/><line number="32" hits="0" branch="false"/><line number="24" hits="0" branch="false"/><line number="38" hits="0" branch="false"/><line number="43" hits="0" branch="false"/><line number="34" hits="0" branch="false"/><line number="46" hits="0" branch="false"/><line number="29" hits="0" branch="false"/><line number="21" hits="0" branch="false"/><line number="104" hits="0" branch="false"/><line number="94" hits="0" branch="false"/><line number="66" hits="0" branch="false"/><line number="71" hits="0" branch="false"/><line number="101" hits="0" branch="false"/><line number="86" hits="0" branch="false"/><line number="90" hits="0" branch="false"/><line number="76" hits="0" branch="false"/><line number="81" hits="0" branch="false"/><line number="38" hits="0" branch="false"/><line number="92" hits="0" branch="false"/><line number="75" hits="0" branch="false"/><line number="68" hits="0" branch="false"/><line number="72" hits="0" branch="false"/><line number="42" hits="0" branch="false"/><line number="87" hits="0" branch="false"/><line number="63" hits="0" branch="false"/><line number="83" hits="0" branch="false"/><line number="53" hits="0" branch="false"/><line number="57" hits="0" branch="false"/><line number="98" hits="0" branch="false"/><line number="103" hits="0" branch="false"/><line number="46" hits="0" branch="false"/><line number="33" hits="0" branch="false"/><line number="69" hits="0" branch="false"/><line number="54" hits="0" branch="false"/><line number="44" hits="0" branch="false"/><line number="30" hits="0" branch="false"/><line number="50" hits="0" branch="false"/><line number="89" hits="0" branch="false"/><line number="94" hits="0" branch="false"/><line number="35" hits="0" branch="false"/><line number="39" hits="0" branch="false"/><line number="25" hits="0" branch="false"/><line number="62" hits="0" branch="false"/><line number="84" hits="0" branch="false"/><line number="59" hits="0" branch="false"/><line number="74" hits="0" branch="false"/><line number="79" hits="0" branch="false"/><line number="51" hits="0" branch="false"/><line number="41" hits="0" branch="false"/><line number="46" hits="0" branch="false"/><line number="59" hits="0" branch="false"/><line number="31" hits="0" branch="false"/><line number="36" hits="0" branch="false"/><line number="27" hits="0" branch="false"/><line number="56" hits="0" branch="false"/><line number="28" hits="0" branch="false"/><line number="24" hits="0" branch="false"/>
      </lines>
    </method><method name="de.htwg.GUI/PlayerManager/&lt;none&gt;" signature="()V" line-rate="0,00" branch-rate="0,00">
      <lines>
        <line number="117" hits="0" branch="false"/><line number="114" hits="0" branch="false"/><line number="122" hits="0" branch="false"/><line number="116" hits="0" branch="false"/><line number="109" hits="0" branch="false"/><line number="19" hits="0" branch="false"/><line number="19" hits="0" branch="false"/><line number="111" hits="0" branch="false"/><line number="107" hits="0" branch="false"/><line number="118" hits="0" branch="false"/><line number="126" hits="0" branch="false"/><line number="114" hits="0" branch="false"/><line number="117" hits="0" branch="false"/><line number="19" hits="0" branch="false"/><line number="112" hits="0" branch="false"/><line number="116" hits="0" branch="false"/><line number="14" hits="0" branch="false"/><line number="115" hits="0" branch="false"/><line number="112" hits="0" branch="false"/><line number="117" hits="0" branch="false"/><line number="122" hits="0" branch="false"/><line number="107" hits="0" branch="false"/><line number="119" hits="0" branch="false"/><line number="125" hits="0" branch="false"/><line number="113" hits="0" branch="false"/><line number="19" hits="0" branch="false"/><line number="19" hits="0" branch="false"/><line number="111" hits="0" branch="false"/><line number="118" hits="0" branch="false"/>
      </lines>
    </method>
      </methods>
      <lines>
        <line number="91" hits="0" branch="false"/><line number="21" hits="0" branch="false"/><line number="88" hits="0" branch="false"/><line number="117" hits="0" branch="false"/><line number="104" hits="0" branch="false"/><line number="114" hits="0" branch="false"/><line number="79" hits="0" branch="false"/><line number="84" hits="0" branch="false"/><line number="95" hits="0" branch="false"/><line number="20" hits="0" branch="false"/><line number="70" hits="0" branch="false"/><line number="122" hits="0" branch="false"/><line number="90" hits="0" branch="false"/><line number="116" hits="0" branch="false"/><line number="78" hits="0" branch="false"/><line number="85" hits="0" branch="false"/><line number="55" hits="0" branch="false"/><line number="60" hits="0" branch="false"/><line number="75" hits="0" branch="false"/><line number="66" hits="0" branch="false"/><line number="17" hits="0" branch="false"/><line number="43" hits="0" branch="false"/><line number="51" hits="0" branch="false"/><line number="57" hits="0" branch="false"/><line number="72" hits="0" branch="false"/><line number="75" hits="0" branch="false"/><line number="62" hits="0" branch="false"/><line number="47" hits="0" branch="false"/><line number="52" hits="0" branch="false"/><line number="92" hits="0" branch="false"/><line number="37" hits="0" branch="false"/><line number="23" hits="0" branch="false"/><line number="42" hits="0" branch="false"/><line number="87" hits="0" branch="false"/><line number="103" hits="0" branch="false"/><line number="109" hits="0" branch="false"/><line number="97" hits="0" branch="false"/><line number="82" hits="0" branch="false"/><line number="28" hits="0" branch="false"/><line number="32" hits="0" branch="false"/><line number="67" hits="0" branch="false"/><line number="25" hits="0" branch="false"/><line number="69" hits="0" branch="false"/><line number="73" hits="0" branch="false"/><line number="19" hits="0" branch="false"/><line number="58" hits="0" branch="false"/><line number="44" hits="0" branch="false"/><line number="62" hits="0" branch="false"/><line number="49" hits="0" branch="false"/><line number="34" hits="0" branch="false"/><line number="54" hits="0" branch="false"/><line number="39" hits="0" branch="false"/><line number="29" hits="0" branch="false"/><line number="31" hits="0" branch="false"/><line number="19" hits="0" branch="false"/><line number="40" hits="0" branch="false"/><line number="36" hits="0" branch="false"/><line number="26" hits="0" branch="false"/><line number="111" hits="0" branch="false"/><line number="94" hits="0" branch="false"/><line number="102" hits="0" branch="false"/><line number="86" hits="0" branch="false"/><line number="91" hits="0" branch="false"/><line number="107" hits="0" branch="false"/><line number="118" hits="0" branch="false"/><line number="58" hits="0" branch="false"/><line number="98" hits="0" branch="false"/><line number="126" hits="0" branch="false"/><line number="68" hits="0" branch="false"/><line number="114" hits="0" branch="false"/><line number="91" hits="0" branch="false"/><line number="117" hits="0" branch="false"/><line number="83" hits="0" branch="false"/><line number="18" hits="0" branch="false"/><line number="88" hits="0" branch="false"/><line number="73" hits="0" branch="false"/><line number="78" hits="0" branch="false"/><line number="63" hits="0" branch="false"/><line number="53" hits="0" branch="false"/><line number="89" hits="0" branch="false"/><line number="74" hits="0" branch="false"/><line number="78" hits="0" branch="false"/><line number="19" hits="0" branch="false"/><line number="65" hits="0" branch="false"/><line number="50" hits="0" branch="false"/><line number="70" hits="0" branch="false"/><line number="112" hits="0" branch="false"/><line number="40" hits="0" branch="false"/><line number="43" hits="0" branch="false"/><line number="60" hits="0" branch="false"/><line number="17" hits="0" branch="false"/><line number="116" hits="0" branch="false"/><line number="55" hits="0" branch="false"/><line number="95" hits="0" branch="false"/><line number="20" hits="0" branch="false"/><line number="85" hits="0" branch="false"/><line number="26" hits="0" branch="false"/><line number="30" hits="0" branch="false"/><line number="35" hits="0" branch="false"/><line number="52" hits="0" branch="false"/><line number="27" hits="0" branch="false"/><line number="47" hits="0" branch="false"/><line number="71" hits="0" branch="false"/><line number="76" hits="0" branch="false"/><line number="22" hits="0" branch="false"/><line number="59" hits="0" branch="false"/><line number="67" hits="0" branch="false"/><line number="82" hits="0" branch="false"/><line number="37" hits="0" branch="false"/><line number="56" hits="0" branch="false"/><line number="41" hits="0" branch="false"/><line number="32" hits="0" branch="false"/><line number="24" hits="0" branch="false"/><line number="38" hits="0" branch="false"/><line number="43" hits="0" branch="false"/><line number="34" hits="0" branch="false"/><line number="14" hits="0" branch="false"/><line number="46" hits="0" branch="false"/><line number="29" hits="0" branch="false"/><line number="115" hits="0" branch="false"/><line number="112" hits="0" branch="false"/><line number="21" hits="0" branch="false"/><line number="104" hits="0" branch="false"/><line number="94" hits="0" branch="false"/><line number="66" hits="0" branch="false"/><line number="71" hits="0" branch="false"/><line number="117" hits="0" branch="false"/><line number="122" hits="0" branch="false"/><line number="101" hits="0" branch="false"/><line number="86" hits="0" branch="false"/><line number="107" hits="0" branch="false"/><line number="90" hits="0" branch="false"/><line number="76" hits="0" branch="false"/><line number="81" hits="0" branch="false"/><line number="38" hits="0" branch="false"/><line number="92" hits="0" branch="false"/><line number="75" hits="0" branch="false"/><line number="68" hits="0" branch="false"/><line number="72" hits="0" branch="false"/><line number="42" hits="0" branch="false"/><line number="87" hits="0" branch="false"/><line number="63" hits="0" branch="false"/><line number="83" hits="0" branch="false"/><line number="119" hits="0" branch="false"/><line number="53" hits="0" branch="false"/><line number="57" hits="0" branch="false"/><line number="98" hits="0" branch="false"/><line number="125" hits="0" branch="false"/><line number="103" hits="0" branch="false"/><line number="113" hits="0" branch="false"/><line number="46" hits="0" branch="false"/><line number="33" hits="0" branch="false"/><line number="69" hits="0" branch="false"/><line number="54" hits="0" branch="false"/><line number="44" hits="0" branch="false"/><line number="30" hits="0" branch="false"/><line number="50" hits="0" branch="false"/><line number="89" hits="0" branch="false"/><line number="94" hits="0" branch="false"/><line number="35" hits="0" branch="false"/><line number="19" hits="0" branch="false"/><line number="39" hits="0" branch="false"/><line number="25" hits="0" branch="false"/><line number="62" hits="0" branch="false"/><line number="84" hits="0" branch="false"/><line number="59" hits="0" branch="false"/><line number="74" hits="0" branch="false"/><line number="79" hits="0" branch="false"/><line number="51" hits="0" branch="false"/><line number="41" hits="0" branch="false"/><line number="46" hits="0" branch="false"/><line number="59" hits="0" branch="false"/><line number="31" hits="0" branch="false"/><line number="19" hits="0" branch="false"/><line number="36" hits="0" branch="false"/><line number="27" hits="0" branch="false"/><line number="56" hits="0" branch="false"/><line number="28" hits="0" branch="false"/><line number="111" hits="0" branch="false"/><line number="118" hits="0" branch="false"/><line number="24" hits="0" branch="false"/>
      </lines>
    </class><class name="GroupWinner" filename="src/main/scala/de/htwg/GUI/GroupWinner.scala" line-rate="0,00" branch-rate="0,00" complexity="0">
      <methods>
        <method name="de.htwg.GUI/GroupWinner/&lt;none&gt;" signature="()V" line-rate="0,00" branch-rate="0,00">
      <lines>
        <line number="17" hits="0" branch="false"/><line number="16" hits="0" branch="false"/><line number="22" hits="0" branch="false"/><line number="18" hits="0" branch="false"/><line number="18" hits="0" branch="false"/><line number="18" hits="0" branch="false"/><line number="13" hits="0" branch="false"/><line number="16" hits="0" branch="false"/><line number="15" hits="0" branch="false"/><line number="18" hits="0" branch="false"/><line number="15" hits="0" branch="false"/><line number="18" hits="0" branch="false"/><line number="23" hits="0" branch="false"/><line number="18" hits="0" branch="false"/><line number="18" hits="0" branch="false"/>
      </lines>
    </method>
      </methods>
      <lines>
        <line number="17" hits="0" branch="false"/><line number="16" hits="0" branch="false"/><line number="22" hits="0" branch="false"/><line number="18" hits="0" branch="false"/><line number="18" hits="0" branch="false"/><line number="18" hits="0" branch="false"/><line number="13" hits="0" branch="false"/><line number="16" hits="0" branch="false"/><line number="15" hits="0" branch="false"/><line number="18" hits="0" branch="false"/><line number="15" hits="0" branch="false"/><line number="18" hits="0" branch="false"/><line number="23" hits="0" branch="false"/><line number="18" hits="0" branch="false"/><line number="18" hits="0" branch="false"/>
      </lines>
    </class><class name="GUI" filename="src/main/scala/de/htwg/GUI/GUI.scala" line-rate="0,00" branch-rate="0,00" complexity="0">
      <methods>
        <method name="de.htwg.GUI/GUI/getGroupComponents" signature="()V" line-rate="0,00" branch-rate="0,00">
      <lines>
        <line number="105" hits="0" branch="false"/>
      </lines>
    </method><method name="de.htwg.GUI/GUI/updateTables" signature="()V" line-rate="0,00" branch-rate="0,00">
      <lines>
        <line number="93" hits="0" branch="false"/><line number="96" hits="0" branch="false"/><line number="86" hits="0" branch="false"/><line number="94" hits="0" branch="false"/><line number="92" hits="0" branch="false"/><line number="87" hits="0" branch="false"/><line number="90" hits="0" branch="false"/><line number="95" hits="0" branch="false"/><line number="95" hits="0" branch="false"/><line number="100" hits="0" branch="false"/><line number="93" hits="0" branch="false"/><line number="96" hits="0" branch="false"/><line number="85" hits="0" branch="false"/><line number="94" hits="0" branch="false"/><line number="97" hits="0" branch="false"/><line number="89" hits="0" branch="false"/><line number="88" hits="0" branch="false"/><line number="94" hits="0" branch="false"/><line number="99" hits="0" branch="false"/><line number="91" hits="0" branch="false"/><line number="95" hits="0" branch="false"/><line number="93" hits="0" branch="false"/><line number="96" hits="0" branch="false"/>
      </lines>
    </method><method name="de.htwg.GUI/GUI/myPanel" signature="()V" line-rate="0,00" branch-rate="0,00">
      <lines>
        <line number="81" hits="0" branch="false"/><line number="73" hits="0" branch="false"/><line number="66" hits="0" branch="false"/><line number="72" hits="0" branch="false"/><line number="62" hits="0" branch="false"/><line number="80" hits="0" branch="false"/><line number="63" hits="0" branch="false"/><line number="65" hits="0" branch="false"/><line number="72" hits="0" branch="false"/><line number="81" hits="0" branch="false"/><line number="64" hits="0" branch="false"/><line number="75" hits="0" branch="false"/><line number="65" hits="0" branch="false"/><line number="62" hits="0" branch="false"/><line number="71" hits="0" branch="false"/><line number="61" hits="0" branch="false"/><line number="71" hits="0" branch="false"/><line number="63" hits="0" branch="false"/><line number="80" hits="0" branch="false"/><line number="63" hits="0" branch="false"/><line number="72" hits="0" branch="false"/><line number="74" hits="0" branch="false"/><line number="82" hits="0" branch="false"/><line number="65" hits="0" branch="false"/>
      </lines>
    </method><method name="de.htwg.GUI/GUI/&lt;none&gt;" signature="()V" line-rate="0,00" branch-rate="0,00">
      <lines>
        <line number="33" hits="0" branch="false"/><line number="43" hits="0" branch="false"/><line number="40" hits="0" branch="false"/><line number="37" hits="0" branch="false"/><line number="52" hits="0" branch="false"/><line number="42" hits="0" branch="false"/><line number="48" hits="0" branch="false"/><line number="52" hits="0" branch="false"/><line number="38" hits="0" branch="false"/><line number="25" hits="0" branch="false"/><line number="44" hits="0" branch="false"/><line number="31" hits="0" branch="false"/><line number="36" hits="0" branch="false"/><line number="22" hits="0" branch="false"/><line number="48" hits="0" branch="false"/><line number="37" hits="0" branch="false"/><line number="42" hits="0" branch="false"/><line number="46" hits="0" branch="false"/><line number="32" hits="0" branch="false"/><line number="21" hits="0" branch="false"/><line number="54" hits="0" branch="false"/><line number="24" hits="0" branch="false"/><line number="30" hits="0" branch="false"/><line number="45" hits="0" branch="false"/><line number="48" hits="0" branch="false"/><line number="54" hits="0" branch="false"/><line number="41" hits="0" branch="false"/><line number="52" hits="0" branch="false"/><line number="42" hits="0" branch="false"/><line number="43" hits="0" branch="false"/><line number="23" hits="0" branch="false"/><line number="29" hits="0" branch="false"/><line number="33" hits="0" branch="false"/><line number="37" hits="0" branch="false"/><line number="30" hits="0" branch="false"/><line number="24" hits="0" branch="false"/><line number="43" hits="0" branch="false"/><line number="48" hits="0" branch="false"/><line number="35" hits="0" branch="false"/><line number="37" hits="0" branch="false"/><line number="52" hits="0" branch="false"/><line number="22" hits="0" branch="false"/><line number="42" hits="0" branch="false"/><line number="21" hits="0" branch="false"/><line number="31" hits="0" branch="false"/><line number="37" hits="0" branch="false"/><line number="52" hits="0" branch="false"/><line number="59" hits="0" branch="false"/><line number="55" hits="0" branch="false"/><line number="45" hits="0" branch="false"/><line number="48" hits="0" branch="false"/><line number="37" hits="0" branch="false"/><line number="42" hits="0" branch="false"/><line number="25" hits="0" branch="false"/><line number="31" hits="0" branch="false"/><line number="46" hits="0" branch="false"/><line number="32" hits="0" branch="false"/><line number="41" hits="0" branch="false"/><line number="23" hits="0" branch="false"/><line number="29" hits="0" branch="false"/><line number="37" hits="0" branch="false"/><line number="42" hits="0" branch="false"/><line number="53" hits="0" branch="false"/><line number="30" hits="0" branch="false"/><line number="42" hits="0" branch="false"/><line number="43" hits="0" branch="false"/><line number="33" hits="0" branch="false"/><line number="37" hits="0" branch="false"/><line number="24" hits="0" branch="false"/>
      </lines>
    </method>
      </methods>
      <lines>
        <line number="81" hits="0" branch="false"/><line number="93" hits="0" branch="false"/><line number="73" hits="0" branch="false"/><line number="96" hits="0" branch="false"/><line number="33" hits="0" branch="false"/><line number="86" hits="0" branch="false"/><line number="94" hits="0" branch="false"/><line number="66" hits="0" branch="false"/><line number="72" hits="0" branch="false"/><line number="43" hits="0" branch="false"/><line number="40" hits="0" branch="false"/><line number="37" hits="0" branch="false"/><line number="52" hits="0" branch="false"/><line number="42" hits="0" branch="false"/><line number="92" hits="0" branch="false"/><line number="48" hits="0" branch="false"/><line number="52" hits="0" branch="false"/><line number="38" hits="0" branch="false"/><line number="25" hits="0" branch="false"/><line number="44" hits="0" branch="false"/><line number="31" hits="0" branch="false"/><line number="36" hits="0" branch="false"/><line number="62" hits="0" branch="false"/><line number="80" hits="0" branch="false"/><line number="87" hits="0" branch="false"/><line number="90" hits="0" branch="false"/><line number="63" hits="0" branch="false"/><line number="95" hits="0" branch="false"/><line number="22" hits="0" branch="false"/><line number="65" hits="0" branch="false"/><line number="48" hits="0" branch="false"/><line number="37" hits="0" branch="false"/><line number="42" hits="0" branch="false"/><line number="46" hits="0" branch="false"/><line number="32" hits="0" branch="false"/><line number="21" hits="0" branch="false"/><line number="54" hits="0" branch="false"/><line number="24" hits="0" branch="false"/><line number="30" hits="0" branch="false"/><line number="95" hits="0" branch="false"/><line number="100" hits="0" branch="false"/><line number="45" hits="0" branch="false"/><line number="93" hits="0" branch="false"/><line number="96" hits="0" branch="false"/><line number="72" hits="0" branch="false"/><line number="81" hits="0" branch="false"/><line number="48" hits="0" branch="false"/><line number="54" hits="0" branch="false"/><line number="64" hits="0" branch="false"/><line number="75" hits="0" branch="false"/><line number="41" hits="0" branch="false"/><line number="85" hits="0" branch="false"/><line number="52" hits="0" branch="false"/><line number="42" hits="0" branch="false"/><line number="43" hits="0" branch="false"/><line number="23" hits="0" branch="false"/><line number="29" hits="0" branch="false"/><line number="33" hits="0" branch="false"/><line number="37" hits="0" branch="false"/><line number="94" hits="0" branch="false"/><line number="65" hits="0" branch="false"/><line number="97" hits="0" branch="false"/><line number="30" hits="0" branch="false"/><line number="89" hits="0" branch="false"/><line number="24" hits="0" branch="false"/><line number="62" hits="0" branch="false"/><line number="71" hits="0" branch="false"/><line number="61" hits="0" branch="false"/><line number="43" hits="0" branch="false"/><line number="48" hits="0" branch="false"/><line number="35" hits="0" branch="false"/><line number="37" hits="0" branch="false"/><line number="52" hits="0" branch="false"/><line number="22" hits="0" branch="false"/><line number="42" hits="0" branch="false"/><line number="21" hits="0" branch="false"/><line number="31" hits="0" branch="false"/><line number="37" hits="0" branch="false"/><line number="52" hits="0" branch="false"/><line number="71" hits="0" branch="false"/><line number="88" hits="0" branch="false"/><line number="94" hits="0" branch="false"/><line number="99" hits="0" branch="false"/><line number="59" hits="0" branch="false"/><line number="63" hits="0" branch="false"/><line number="80" hits="0" branch="false"/><line number="55" hits="0" branch="false"/><line number="91" hits="0" branch="false"/><line number="45" hits="0" branch="false"/><line number="48" hits="0" branch="false"/><line number="63" hits="0" branch="false"/><line number="72" hits="0" branch="false"/><line number="37" hits="0" branch="false"/><line number="42" hits="0" branch="false"/><line number="95" hits="0" branch="false"/><line number="105" hits="0" branch="false"/><line number="25" hits="0" branch="false"/><line number="31" hits="0" branch="false"/><line number="46" hits="0" branch="false"/><line number="32" hits="0" branch="false"/><line number="41" hits="0" branch="false"/><line number="23" hits="0" branch="false"/><line number="29" hits="0" branch="false"/><line number="74" hits="0" branch="false"/><line number="82" hits="0" branch="false"/><line number="93" hits="0" branch="false"/><line number="65" hits="0" branch="false"/><line number="37" hits="0" branch="false"/><line number="42" hits="0" branch="false"/><line number="96" hits="0" branch="false"/><line number="53" hits="0" branch="false"/><line number="30" hits="0" branch="false"/><line number="42" hits="0" branch="false"/><line number="43" hits="0" branch="false"/><line number="33" hits="0" branch="false"/><line number="37" hits="0" branch="false"/><line number="24" hits="0" branch="false"/>
      </lines>
    </class>
      </classes>
    </package><package name="de.htwg.TM" line-rate="0,00" branch-rate="0,00" complexity="0">
      <classes>
        <class name="TournamentManager" filename="src/main/scala/de/htwg/TM/TournamentManager.scala" line-rate="0,00" branch-rate="0,00" complexity="0">
      <methods>
        <method name="de.htwg.TM/TournamentManager/main" signature="()V" line-rate="0,00" branch-rate="0,00">
      <lines>
        <line number="14" hits="0" branch="false"/><line number="21" hits="0" branch="false"/><line number="21" hits="0" branch="false"/><line number="20" hits="0" branch="false"/><line number="21" hits="0" branch="false"/><line number="21" hits="0" branch="false"/><line number="19" hits="0" branch="false"/><line number="21" hits="0" branch="false"/><line number="21" hits="0" branch="false"/><line number="21" hits="0" branch="false"/>
      </lines>
    </method>
      </methods>
      <lines>
        <line number="14" hits="0" branch="false"/><line number="21" hits="0" branch="false"/><line number="21" hits="0" branch="false"/><line number="20" hits="0" branch="false"/><line number="21" hits="0" branch="false"/><line number="21" hits="0" branch="false"/><line number="19" hits="0" branch="false"/><line number="21" hits="0" branch="false"/><line number="21" hits="0" branch="false"/><line number="21" hits="0" branch="false"/>
      </lines>
    </class>
      </classes>
    </package><package name="de.htwg.TUI" line-rate="0,00" branch-rate="0,00" complexity="0">
      <classes>
        <class name="TUI" filename="src/main/scala/de/htwg/TUI/TUI.scala" line-rate="0,00" branch-rate="0,00" complexity="0">
      <methods>
        <method name="de.htwg.TUI/TUI/printTable" signature="()V" line-rate="0,00" branch-rate="0,00">
      <lines>
        <line number="199" hits="0" branch="false"/><line number="199" hits="0" branch="false"/><line number="196" hits="0" branch="false"/><line number="196" hits="0" branch="false"/><line number="199" hits="0" branch="false"/><line number="199" hits="0" branch="false"/><line number="196" hits="0" branch="false"/><line number="199" hits="0" branch="false"/><line number="200" hits="0" branch="false"/><line number="195" hits="0" branch="false"/><line number="199" hits="0" branch="false"/><line number="194" hits="0" branch="false"/><line number="199" hits="0" branch="false"/><line number="196" hits="0" branch="false"/><line number="199" hits="0" branch="false"/><line number="197" hits="0" branch="false"/><line number="198" hits="0" branch="false"/>
      </lines>
    </method><method name="de.htwg.TUI/TUI/init" signature="()V" line-rate="0,00" branch-rate="0,00">
      <lines>
        <line number="142" hits="0" branch="false"/><line number="136" hits="0" branch="false"/><line number="140" hits="0" branch="false"/><line number="133" hits="0" branch="false"/><line number="143" hits="0" branch="false"/><line number="132" hits="0" branch="false"/><line number="142" hits="0" branch="false"/><line number="135" hits="0" branch="false"/><line number="145" hits="0" branch="false"/><line number="134" hits="0" branch="false"/><line number="141" hits="0" branch="false"/><line number="134" hits="0" branch="false"/><line number="144" hits="0" branch="false"/><line number="137" hits="0" branch="false"/>
      </lines>
    </method><method name="de.htwg.TUI/TUI/routine" signature="()V" line-rate="0,00" branch-rate="0,00">
      <lines>
        <line number="162" hits="0" branch="false"/><line number="155" hits="0" branch="false"/><line number="161" hits="0" branch="false"/><line number="162" hits="0" branch="false"/><line number="171" hits="0" branch="false"/><line number="162" hits="0" branch="false"/><line number="153" hits="0" branch="false"/><line number="157" hits="0" branch="false"/><line number="151" hits="0" branch="false"/><line number="174" hits="0" branch="false"/><line number="158" hits="0" branch="false"/><line number="165" hits="0" branch="false"/><line number="154" hits="0" branch="false"/><line number="152" hits="0" branch="false"/><line number="173" hits="0" branch="false"/><line number="172" hits="0" branch="false"/><line number="162" hits="0" branch="false"/><line number="159" hits="0" branch="false"/><line number="152" hits="0" branch="false"/><line number="155" hits="0" branch="false"/><line number="153" hits="0" branch="false"/><line number="162" hits="0" branch="false"/><line number="170" hits="0" branch="false"/><line number="156" hits="0" branch="false"/><line number="158" hits="0" branch="false"/><line number="164" hits="0" branch="false"/><line number="150" hits="0" branch="false"/><line number="154" hits="0" branch="false"/><line number="149" hits="0" branch="false"/><line number="168" hits="0" branch="false"/><line number="164" hits="0" branch="false"/><line number="154" hits="0" branch="false"/><line number="157" hits="0" branch="false"/><line number="165" hits="0" branch="false"/><line number="175" hits="0" branch="false"/><line number="155" hits="0" branch="false"/><line number="152" hits="0" branch="false"/><line number="159" hits="0" branch="false"/><line number="169" hits="0" branch="false"/><line number="151" hits="0" branch="false"/><line number="153" hits="0" branch="false"/><line number="156" hits="0" branch="false"/><line number="162" hits="0" branch="false"/>
      </lines>
    </method><method name="de.htwg.TUI/TUI/printMenu" signature="()V" line-rate="0,00" branch-rate="0,00">
      <lines>
        <line number="190" hits="0" branch="false"/><line number="184" hits="0" branch="false"/><line number="187" hits="0" branch="false"/><line number="186" hits="0" branch="false"/><line number="189" hits="0" branch="false"/><line number="183" hits="0" branch="false"/><line number="185" hits="0" branch="false"/><line number="188" hits="0" branch="false"/>
      </lines>
    </method><method name="de.htwg.TUI/TUI/&lt;none&gt;" signature="()V" line-rate="0,00" branch-rate="0,00">
      <lines>
        <line number="125" hits="0" branch="false"/><line number="122" hits="0" branch="false"/><line number="124" hits="0" branch="false"/><line number="126" hits="0" branch="false"/><line number="126" hits="0" branch="false"/><line number="127" hits="0" branch="false"/><line number="128" hits="0" branch="false"/><line number="124" hits="0" branch="false"/><line number="122" hits="0" branch="false"/><line number="127" hits="0" branch="false"/><line number="128" hits="0" branch="false"/>
      </lines>
    </method><method name="de.htwg.TUI/TUI/printMatches" signature="()V" line-rate="0,00" branch-rate="0,00">
      <lines>
        <line number="208" hits="0" branch="false"/><line number="208" hits="0" branch="false"/><line number="208" hits="0" branch="false"/><line number="204" hits="0" branch="false"/><line number="205" hits="0" branch="false"/><line number="208" hits="0" branch="false"/><line number="208" hits="0" branch="false"/><line number="206" hits="0" branch="false"/><line number="208" hits="0" branch="false"/><line number="209" hits="0" branch="false"/><line number="205" hits="0" branch="false"/><line number="208" hits="0" branch="false"/><line number="205" hits="0" branch="false"/><line number="208" hits="0" branch="false"/><line number="208" hits="0" branch="false"/><line number="205" hits="0" branch="false"/><line number="208" hits="0" branch="false"/><line number="207" hits="0" branch="false"/>
      </lines>
    </method>
      </methods>
      <lines>
        <line number="208" hits="0" branch="false"/><line number="208" hits="0" branch="false"/><line number="162" hits="0" branch="false"/><line number="208" hits="0" branch="false"/><line number="199" hits="0" branch="false"/><line number="204" hits="0" branch="false"/><line number="155" hits="0" branch="false"/><line number="161" hits="0" branch="false"/><line number="190" hits="0" branch="false"/><line number="162" hits="0" branch="false"/><line number="199" hits="0" branch="false"/><line number="171" hits="0" branch="false"/><line number="184" hits="0" branch="false"/><line number="196" hits="0" branch="false"/><line number="162" hits="0" branch="false"/><line number="142" hits="0" branch="false"/><line number="153" hits="0" branch="false"/><line number="125" hits="0" branch="false"/><line number="136" hits="0" branch="false"/><line number="205" hits="0" branch="false"/><line number="157" hits="0" branch="false"/><line number="208" hits="0" branch="false"/><line number="140" hits="0" branch="false"/><line number="151" hits="0" branch="false"/><line number="196" hits="0" branch="false"/><line number="199" hits="0" branch="false"/><line number="174" hits="0" branch="false"/><line number="187" hits="0" branch="false"/><line number="158" hits="0" branch="false"/><line number="165" hits="0" branch="false"/><line number="122" hits="0" branch="false"/><line number="154" hits="0" branch="false"/><line number="124" hits="0" branch="false"/><line number="126" hits="0" branch="false"/><line number="133" hits="0" branch="false"/><line number="143" hits="0" branch="false"/><line number="152" hits="0" branch="false"/><line number="173" hits="0" branch="false"/><line number="208" hits="0" branch="false"/><line number="199" hits="0" branch="false"/><line number="206" hits="0" branch="false"/><line number="186" hits="0" branch="false"/><line number="196" hits="0" branch="false"/><line number="126" hits="0" branch="false"/><line number="172" hits="0" branch="false"/><line number="208" hits="0" branch="false"/><line number="189" hits="0" branch="false"/><line number="199" hits="0" branch="false"/><line number="162" hits="0" branch="false"/><line number="132" hits="0" branch="false"/><line number="142" hits="0" branch="false"/><line number="200" hits="0" branch="false"/><line number="159" hits="0" branch="false"/><line number="152" hits="0" branch="false"/><line number="155" hits="0" branch="false"/><line number="209" hits="0" branch="false"/><line number="195" hits="0" branch="false"/><line number="153" hits="0" branch="false"/><line number="127" hits="0" branch="false"/><line number="135" hits="0" branch="false"/><line number="145" hits="0" branch="false"/><line number="199" hits="0" branch="false"/><line number="205" hits="0" branch="false"/><line number="208" hits="0" branch="false"/><line number="162" hits="0" branch="false"/><line number="170" hits="0" branch="false"/><line number="156" hits="0" branch="false"/><line number="183" hits="0" branch="false"/><line number="158" hits="0" branch="false"/><line number="164" hits="0" branch="false"/><line number="128" hits="0" branch="false"/><line number="134" hits="0" branch="false"/><line number="150" hits="0" branch="false"/><line number="154" hits="0" branch="false"/><line number="205" hits="0" branch="false"/><line number="208" hits="0" branch="false"/><line number="194" hits="0" branch="false"/><line number="199" hits="0" branch="false"/><line number="149" hits="0" branch="false"/><line number="208" hits="0" branch="false"/><line number="168" hits="0" branch="false"/><line number="185" hits="0" branch="false"/><line number="205" hits="0" branch="false"/><line number="196" hits="0" branch="false"/><line number="164" hits="0" branch="false"/><line number="199" hits="0" branch="false"/><line number="154" hits="0" branch="false"/><line number="157" hits="0" branch="false"/><line number="197" hits="0" branch="false"/><line number="165" hits="0" branch="false"/><line number="175" hits="0" branch="false"/><line number="155" hits="0" branch="false"/><line number="124" hits="0" branch="false"/><line number="141" hits="0" branch="false"/><line number="152" hits="0" branch="false"/><line number="208" hits="0" branch="false"/><line number="207" hits="0" branch="false"/><line number="122" hits="0" branch="false"/><line number="198" hits="0" branch="false"/><line number="159" hits="0" branch="false"/><line number="188" hits="0" branch="false"/><line number="169" hits="0" branch="false"/><line number="151" hits="0" branch="false"/><line number="153" hits="0" branch="false"/><line number="156" hits="0" branch="false"/><line number="134" hits="0" branch="false"/><line number="162" hits="0" branch="false"/><line number="144" hits="0" branch="false"/><line number="127" hits="0" branch="false"/><line number="128" hits="0" branch="false"/><line number="137" hits="0" branch="false"/>
      </lines>
    </class><class name="TUIActor" filename="src/main/scala/de/htwg/TUI/TUI.scala" line-rate="0,00" branch-rate="0,00" complexity="0">
      <methods>
        <method name="de.htwg.TUI/TUIActor/receive" signature="()V" line-rate="0,00" branch-rate="0,00">
      <lines>
        <line number="35" hits="0" branch="false"/><line number="26" hits="0" branch="false"/><line number="31" hits="0" branch="false"/><line number="36" hits="0" branch="false"/><line number="32" hits="0" branch="false"/><line number="28" hits="0" branch="false"/><line number="36" hits="0" branch="false"/><line number="24" hits="0" branch="false"/><line number="27" hits="0" branch="false"/><line number="25" hits="0" branch="false"/><line number="23" hits="0" branch="false"/><line number="29" hits="0" branch="false"/><line number="32" hits="0" branch="false"/><line number="34" hits="0" branch="false"/><line number="26" hits="0" branch="false"/><line number="31" hits="0" branch="false"/><line number="34" hits="0" branch="false"/><line number="30" hits="0" branch="false"/><line number="26" hits="0" branch="false"/><line number="31" hits="0" branch="false"/><line number="36" hits="0" branch="false"/><line number="32" hits="0" branch="false"/><line number="33" hits="0" branch="false"/><line number="28" hits="0" branch="false"/><line number="25" hits="0" branch="false"/><line number="26" hits="0" branch="false"/><line number="34" hits="0" branch="false"/><line number="26" hits="0" branch="false"/><line number="29" hits="0" branch="false"/>
      </lines>
    </method><method name="de.htwg.TUI/TUIActor/init" signature="()V" line-rate="0,00" branch-rate="0,00">
      <lines>
        <line number="43" hits="0" branch="false"/><line number="52" hits="0" branch="false"/><line number="45" hits="0" branch="false"/><line number="53" hits="0" branch="false"/><line number="48" hits="0" branch="false"/><line number="42" hits="0" branch="false"/><line number="51" hits="0" branch="false"/><line number="41" hits="0" branch="false"/><line number="50" hits="0" branch="false"/><line number="44" hits="0" branch="false"/><line number="53" hits="0" branch="false"/><line number="42" hits="0" branch="false"/><line number="50" hits="0" branch="false"/><line number="45" hits="0" branch="false"/><line number="40" hits="0" branch="false"/><line number="49" hits="0" branch="false"/>
      </lines>
    </method><method name="de.htwg.TUI/TUIActor/printMenu" signature="()V" line-rate="0,00" branch-rate="0,00">
      <lines>
        <line number="96" hits="0" branch="false"/><line number="90" hits="0" branch="false"/><line number="93" hits="0" branch="false"/><line number="92" hits="0" branch="false"/><line number="95" hits="0" branch="false"/><line number="97" hits="0" branch="false"/><line number="91" hits="0" branch="false"/><line number="94" hits="0" branch="false"/>
      </lines>
    </method><method name="de.htwg.TUI/TUIActor/&lt;none&gt;" signature="()V" line-rate="0,00" branch-rate="0,00">
      <lines>
        <line number="13" hits="0" branch="false"/><line number="13" hits="0" branch="false"/><line number="13" hits="0" branch="false"/>
      </lines>
    </method><method name="de.htwg.TUI/TUIActor/printTable" signature="()V" line-rate="0,00" branch-rate="0,00">
      <lines>
        <line number="105" hits="0" branch="false"/><line number="105" hits="0" branch="false"/><line number="105" hits="0" branch="false"/><line number="102" hits="0" branch="false"/><line number="102" hits="0" branch="false"/><line number="102" hits="0" branch="false"/><line number="105" hits="0" branch="false"/><line number="105" hits="0" branch="false"/><line number="106" hits="0" branch="false"/><line number="101" hits="0" branch="false"/><line number="105" hits="0" branch="false"/><line number="105" hits="0" branch="false"/><line number="105" hits="0" branch="false"/><line number="102" hits="0" branch="false"/><line number="103" hits="0" branch="false"/><line number="104" hits="0" branch="false"/>
      </lines>
    </method><method name="de.htwg.TUI/TUIActor/routine" signature="()V" line-rate="0,00" branch-rate="0,00">
      <lines>
        <line number="63" hits="0" branch="false"/><line number="69" hits="0" branch="false"/><line number="69" hits="0" branch="false"/><line number="68" hits="0" branch="false"/><line number="60" hits="0" branch="false"/><line number="69" hits="0" branch="false"/><line number="79" hits="0" branch="false"/><line number="69" hits="0" branch="false"/><line number="59" hits="0" branch="false"/><line number="62" hits="0" branch="false"/><line number="64" hits="0" branch="false"/><line number="69" hits="0" branch="false"/><line number="60" hits="0" branch="false"/><line number="77" hits="0" branch="false"/><line number="71" hits="0" branch="false"/><line number="80" hits="0" branch="false"/><line number="58" hits="0" branch="false"/><line number="61" hits="0" branch="false"/><line number="65" hits="0" branch="false"/><line number="71" hits="0" branch="false"/><line number="75" hits="0" branch="false"/><line number="66" hits="0" branch="false"/><line number="62" hits="0" branch="false"/><line number="59" hits="0" branch="false"/><line number="72" hits="0" branch="false"/><line number="82" hits="0" branch="false"/><line number="76" hits="0" branch="false"/><line number="58" hits="0" branch="false"/><line number="60" hits="0" branch="false"/><line number="63" hits="0" branch="false"/><line number="69" hits="0" branch="false"/><line number="61" hits="0" branch="false"/><line number="65" hits="0" branch="false"/><line number="57" hits="0" branch="false"/><line number="71" hits="0" branch="false"/><line number="64" hits="0" branch="false"/><line number="61" hits="0" branch="false"/><line number="78" hits="0" branch="false"/><line number="66" hits="0" branch="false"/><line number="72" hits="0" branch="false"/><line number="62" hits="0" branch="false"/><line number="81" hits="0" branch="false"/><line number="59" hits="0" branch="false"/>
      </lines>
    </method><method name="de.htwg.TUI/TUIActor/printMatches" signature="()V" line-rate="0,00" branch-rate="0,00">
      <lines>
        <line number="114" hits="0" branch="false"/><line number="114" hits="0" branch="false"/><line number="110" hits="0" branch="false"/><line number="114" hits="0" branch="false"/><line number="111" hits="0" branch="false"/><line number="114" hits="0" branch="false"/><line number="112" hits="0" branch="false"/><line number="114" hits="0" branch="false"/><line number="114" hits="0" branch="false"/><line number="115" hits="0" branch="false"/><line number="111" hits="0" branch="false"/><line number="114" hits="0" branch="false"/><line number="111" hits="0" branch="false"/><line number="114" hits="0" branch="false"/><line number="114" hits="0" branch="false"/><line number="111" hits="0" branch="false"/><line number="114" hits="0" branch="false"/><line number="113" hits="0" branch="false"/>
      </lines>
    </method>
      </methods>
      <lines>
        <line number="63" hits="0" branch="false"/><line number="69" hits="0" branch="false"/><line number="69" hits="0" branch="false"/><line number="35" hits="0" branch="false"/><line number="43" hits="0" branch="false"/><line number="26" hits="0" branch="false"/><line number="31" hits="0" branch="false"/><line number="68" hits="0" branch="false"/><line number="52" hits="0" branch="false"/><line number="60" hits="0" branch="false"/><line number="36" hits="0" branch="false"/><line number="32" hits="0" branch="false"/><line number="13" hits="0" branch="false"/><line number="28" hits="0" branch="false"/><line number="105" hits="0" branch="false"/><line number="114" hits="0" branch="false"/><line number="114" hits="0" branch="false"/><line number="69" hits="0" branch="false"/><line number="110" hits="0" branch="false"/><line number="79" hits="0" branch="false"/><line number="96" hits="0" branch="false"/><line number="69" hits="0" branch="false"/><line number="105" hits="0" branch="false"/><line number="59" hits="0" branch="false"/><line number="62" hits="0" branch="false"/><line number="114" hits="0" branch="false"/><line number="36" hits="0" branch="false"/><line number="64" hits="0" branch="false"/><line number="45" hits="0" branch="false"/><line number="105" hits="0" branch="false"/><line number="53" hits="0" branch="false"/><line number="111" hits="0" branch="false"/><line number="114" hits="0" branch="false"/><line number="24" hits="0" branch="false"/><line number="27" hits="0" branch="false"/><line number="90" hits="0" branch="false"/><line number="102" hits="0" branch="false"/><line number="13" hits="0" branch="false"/><line number="69" hits="0" branch="false"/><line number="60" hits="0" branch="false"/><line number="77" hits="0" branch="false"/><line number="25" hits="0" branch="false"/><line number="71" hits="0" branch="false"/><line number="80" hits="0" branch="false"/><line number="58" hits="0" branch="false"/><line number="61" hits="0" branch="false"/><line number="23" hits="0" branch="false"/><line number="65" hits="0" branch="false"/><line number="48" hits="0" branch="false"/><line number="29" hits="0" branch="false"/><line number="32" hits="0" branch="false"/><line number="93" hits="0" branch="false"/><line number="102" hits="0" branch="false"/><line number="34" hits="0" branch="false"/><line number="26" hits="0" branch="false"/><line number="42" hits="0" branch="false"/><line number="51" hits="0" branch="false"/><line number="31" hits="0" branch="false"/><line number="71" hits="0" branch="false"/><line number="112" hits="0" branch="false"/><line number="102" hits="0" branch="false"/><line number="105" hits="0" branch="false"/><line number="75" hits="0" branch="false"/><line number="92" hits="0" branch="false"/><line number="114" hits="0" branch="false"/><line number="41" hits="0" branch="false"/><line number="66" hits="0" branch="false"/><line number="50" hits="0" branch="false"/><line number="34" hits="0" branch="false"/><line number="62" hits="0" branch="false"/><line number="30" hits="0" branch="false"/><line number="59" hits="0" branch="false"/><line number="114" hits="0" branch="false"/><line number="95" hits="0" branch="false"/><line number="115" hits="0" branch="false"/><line number="105" hits="0" branch="false"/><line number="72" hits="0" branch="false"/><line number="106" hits="0" branch="false"/><line number="82" hits="0" branch="false"/><line number="13" hits="0" branch="false"/><line number="101" hits="0" branch="false"/><line number="26" hits="0" branch="false"/><line number="105" hits="0" branch="false"/><line number="76" hits="0" branch="false"/><line number="58" hits="0" branch="false"/><line number="60" hits="0" branch="false"/><line number="63" hits="0" branch="false"/><line number="69" hits="0" branch="false"/><line number="31" hits="0" branch="false"/><line number="36" hits="0" branch="false"/><line number="44" hits="0" branch="false"/><line number="53" hits="0" branch="false"/><line number="111" hits="0" branch="false"/><line number="114" hits="0" branch="false"/><line number="32" hits="0" branch="false"/><line number="33" hits="0" branch="false"/><line number="28" hits="0" branch="false"/><line number="61" hits="0" branch="false"/><line number="65" hits="0" branch="false"/><line number="42" hits="0" branch="false"/><line number="57" hits="0" branch="false"/><line number="25" hits="0" branch="false"/><line number="26" hits="0" branch="false"/><line number="105" hits="0" branch="false"/><line number="111" hits="0" branch="false"/><line number="97" hits="0" branch="false"/><line number="114" hits="0" branch="false"/><line number="71" hits="0" branch="false"/><line number="105" hits="0" branch="false"/><line number="64" hits="0" branch="false"/><line number="102" hits="0" branch="false"/><line number="50" hits="0" branch="false"/><line number="61" hits="0" branch="false"/><line number="114" hits="0" branch="false"/><line number="45" hits="0" branch="false"/><line number="78" hits="0" branch="false"/><line number="111" hits="0" branch="false"/><line number="91" hits="0" branch="false"/><line number="34" hits="0" branch="false"/><line number="40" hits="0" branch="false"/><line number="26" hits="0" branch="false"/><line number="103" hits="0" branch="false"/><line number="29" hits="0" branch="false"/><line number="104" hits="0" branch="false"/><line number="114" hits="0" branch="false"/><line number="66" hits="0" branch="false"/><line number="72" hits="0" branch="false"/><line number="62" hits="0" branch="false"/><line number="81" hits="0" branch="false"/><line number="94" hits="0" branch="false"/><line number="49" hits="0" branch="false"/><line number="59" hits="0" branch="false"/><line number="113" hits="0" branch="false"/>
      </lines>
    </class>
      </classes>
    </package><package name="de.htwg.controller" line-rate="0,00" branch-rate="0,00" complexity="0">
      <classes>
        <class name="RealController" filename="src/main/scala/de/htwg/controller/Controller.scala" line-rate="0,00" branch-rate="0,00" complexity="0">
      <methods>
        <method name="de.htwg.controller/RealController/getGames" signature="()V" line-rate="0,00" branch-rate="0,00">
      <lines>
        <line number="99" hits="0" branch="false"/>
      </lines>
    </method><method name="de.htwg.controller/RealController/initGroups" signature="()V" line-rate="0,00" branch-rate="0,00">
      <lines>
        <line number="71" hits="0" branch="false"/><line number="72" hits="0" branch="false"/><line number="72" hits="0" branch="false"/><line number="71" hits="0" branch="false"/><line number="71" hits="0" branch="false"/><line number="71" hits="0" branch="false"/><line number="72" hits="0" branch="false"/><line number="73" hits="0" branch="false"/><line number="71" hits="0" branch="false"/><line number="73" hits="0" branch="false"/>
      </lines>
    </method><method name="de.htwg.controller/RealController/playBackSeason" signature="()V" line-rate="0,00" branch-rate="0,00">
      <lines>
        <line number="105" hits="0" branch="false"/><line number="104" hits="0" branch="false"/><line number="104" hits="0" branch="false"/><line number="105" hits="0" branch="false"/><line number="105" hits="0" branch="false"/><line number="105" hits="0" branch="false"/><line number="105" hits="0" branch="false"/><line number="105" hits="0" branch="false"/><line number="103" hits="0" branch="false"/><line number="104" hits="0" branch="false"/><line number="105" hits="0" branch="false"/>
      </lines>
    </method><method name="de.htwg.controller/RealController/incrementGoals" signature="()V" line-rate="0,00" branch-rate="0,00">
      <lines>
        <line number="32" hits="0" branch="false"/><line number="32" hits="0" branch="false"/><line number="31" hits="0" branch="false"/><line number="32" hits="0" branch="false"/>
      </lines>
    </method><method name="de.htwg.controller/RealController/initTeams" signature="()V" line-rate="0,00" branch-rate="0,00">
      <lines>
        <line number="22" hits="0" branch="false"/><line number="22" hits="0" branch="false"/><line number="22" hits="0" branch="false"/><line number="23" hits="0" branch="false"/><line number="22" hits="0" branch="false"/><line number="22" hits="0" branch="false"/><line number="23" hits="0" branch="false"/><line number="22" hits="0" branch="false"/>
      </lines>
    </method><method name="de.htwg.controller/RealController/&lt;none&gt;" signature="()V" line-rate="0,00" branch-rate="0,00">
      <lines>
        <line number="20" hits="0" branch="false"/><line number="18" hits="0" branch="false"/><line number="19" hits="0" branch="false"/><line number="17" hits="0" branch="false"/><line number="18" hits="0" branch="false"/>
      </lines>
    </method><method name="de.htwg.controller/RealController/init" signature="()V" line-rate="0,00" branch-rate="0,00">
      <lines>
        <line number="67" hits="0" branch="false"/><line number="67" hits="0" branch="false"/><line number="67" hits="0" branch="false"/>
      </lines>
    </method><method name="de.htwg.controller/RealController/setBenched" signature="()V" line-rate="0,00" branch-rate="0,00">
      <lines>
        <line number="63" hits="0" branch="false"/><line number="64" hits="0" branch="false"/><line number="64" hits="0" branch="false"/><line number="64" hits="0" branch="false"/>
      </lines>
    </method><method name="de.htwg.controller/RealController/incrementAssists" signature="()V" line-rate="0,00" branch-rate="0,00">
      <lines>
        <line number="39" hits="0" branch="false"/><line number="40" hits="0" branch="false"/><line number="40" hits="0" branch="false"/><line number="40" hits="0" branch="false"/>
      </lines>
    </method><method name="de.htwg.controller/RealController/decrementRedCards" signature="()V" line-rate="0,00" branch-rate="0,00">
      <lines>
        <line number="59" hits="0" branch="false"/><line number="60" hits="0" branch="false"/><line number="60" hits="0" branch="false"/><line number="60" hits="0" branch="false"/>
      </lines>
    </method><method name="de.htwg.controller/RealController/createPlayer" signature="()V" line-rate="0,00" branch-rate="0,00">
      <lines>
        <line number="27" hits="0" branch="false"/><line number="28" hits="0" branch="false"/><line number="28" hits="0" branch="false"/><line number="28" hits="0" branch="false"/>
      </lines>
    </method><method name="de.htwg.controller/RealController/incrementRedCards" signature="()V" line-rate="0,00" branch-rate="0,00">
      <lines>
        <line number="56" hits="0" branch="false"/><line number="56" hits="0" branch="false"/><line number="55" hits="0" branch="false"/><line number="56" hits="0" branch="false"/>
      </lines>
    </method><method name="de.htwg.controller/RealController/incrementYellowCards" signature="()V" line-rate="0,00" branch-rate="0,00">
      <lines>
        <line number="48" hits="0" branch="false"/><line number="48" hits="0" branch="false"/><line number="47" hits="0" branch="false"/><line number="48" hits="0" branch="false"/>
      </lines>
    </method><method name="de.htwg.controller/RealController/decrementGoals" signature="()V" line-rate="0,00" branch-rate="0,00">
      <lines>
        <line number="36" hits="0" branch="false"/><line number="35" hits="0" branch="false"/><line number="36" hits="0" branch="false"/><line number="36" hits="0" branch="false"/>
      </lines>
    </method><method name="de.htwg.controller/RealController/setGameResult" signature="()V" line-rate="0,00" branch-rate="0,00">
      <lines>
        <line number="87" hits="0" branch="false"/><line number="79" hits="0" branch="false"/><line number="84" hits="0" branch="false"/><line number="77" hits="0" branch="false"/><line number="89" hits="0" branch="false"/><line number="78" hits="0" branch="false"/><line number="81" hits="0" branch="false"/><line number="85" hits="0" branch="false"/><line number="89" hits="0" branch="false"/><line number="80" hits="0" branch="false"/><line number="85" hits="0" branch="false"/><line number="78" hits="0" branch="false"/><line number="82" hits="0" branch="false"/><line number="86" hits="0" branch="false"/><line number="89" hits="0" branch="false"/><line number="78" hits="0" branch="false"/><line number="79" hits="0" branch="false"/><line number="77" hits="0" branch="false"/><line number="84" hits="0" branch="false"/><line number="87" hits="0" branch="false"/><line number="80" hits="0" branch="false"/><line number="87" hits="0" branch="false"/><line number="84" hits="0" branch="false"/><line number="85" hits="0" branch="false"/><line number="77" hits="0" branch="false"/><line number="80" hits="0" branch="false"/><line number="78" hits="0" branch="false"/><line number="81" hits="0" branch="false"/><line number="86" hits="0" branch="false"/><line number="89" hits="0" branch="false"/><line number="79" hits="0" branch="false"/><line number="87" hits="0" branch="false"/><line number="79" hits="0" branch="false"/><line number="82" hits="0" branch="false"/>
      </lines>
    </method><method name="de.htwg.controller/RealController/decrementAssists" signature="()V" line-rate="0,00" branch-rate="0,00">
      <lines>
        <line number="44" hits="0" branch="false"/><line number="44" hits="0" branch="false"/><line number="44" hits="0" branch="false"/><line number="43" hits="0" branch="false"/>
      </lines>
    </method><method name="de.htwg.controller/RealController/getTable" signature="()V" line-rate="0,00" branch-rate="0,00">
      <lines>
        <line number="93" hits="0" branch="false"/><line number="93" hits="0" branch="false"/>
      </lines>
    </method><method name="de.htwg.controller/RealController/getEasyTable" signature="()V" line-rate="0,00" branch-rate="0,00">
      <lines>
        <line number="96" hits="0" branch="false"/><line number="96" hits="0" branch="false"/>
      </lines>
    </method><method name="de.htwg.controller/RealController/decrementYellowCards" signature="()V" line-rate="0,00" branch-rate="0,00">
      <lines>
        <line number="52" hits="0" branch="false"/><line number="51" hits="0" branch="false"/><line number="52" hits="0" branch="false"/><line number="52" hits="0" branch="false"/>
      </lines>
    </method>
      </methods>
      <lines>
[...]
      <lines>
        <line number="20" hits="1" branch="false"/><line number="20" hits="1" branch="false"/><line number="20" hits="1" branch="false"/><line number="20" hits="1" branch="false"/><line number="20" hits="1" branch="false"/><line number="20" hits="1" branch="false"/><line number="20" hits="1" branch="false"/><line number="20" hits="1" branch="false"/><line number="20" hits="1" branch="false"/><line number="20" hits="1" branch="false"/>
      </lines>
    </method><method name="de.htwg.model/PlayerManager/incrementYellowCards" signature="()V" line-rate="1,00" branch-rate="1,00">
      <lines>
        <line number="31" hits="1" branch="false"/><line number="31" hits="1" branch="false"/><line number="31" hits="1" branch="false"/><line number="31" hits="1" branch="false"/><line number="31" hits="1" branch="false"/><line number="31" hits="1" branch="false"/><line number="31" hits="1" branch="false"/><line number="31" hits="1" branch="false"/><line number="31" hits="1" branch="false"/><line number="31" hits="1" branch="false"/>
      </lines>
    </method><method name="de.htwg.model/PlayerManager/incrementRedCards" signature="()V" line-rate="1,00" branch-rate="1,00">
      <lines>
        <line number="38" hits="1" branch="false"/><line number="38" hits="1" branch="false"/><line number="38" hits="1" branch="false"/><line number="38" hits="1" branch="false"/><line number="38" hits="1" branch="false"/><line number="38" hits="1" branch="false"/><line number="38" hits="1" branch="false"/><line number="38" hits="1" branch="false"/><line number="38" hits="1" branch="false"/><line number="38" hits="1" branch="false"/>
      </lines>
    </method><method name="de.htwg.model/PlayerManager/createPlayer" signature="()V" line-rate="1,00" branch-rate="1,00">
      <lines>
        <line number="8" hits="1" branch="false"/><line number="8" hits="1" branch="false"/><line number="8" hits="1" branch="false"/><line number="8" hits="1" branch="false"/><line number="8" hits="1" branch="false"/><line number="8" hits="1" branch="false"/><line number="8" hits="1" branch="false"/><line number="8" hits="1" branch="false"/><line number="8" hits="1" branch="false"/>
      </lines>
    </method><method name="de.htwg.model/PlayerManager/incrementGoals" signature="()V" line-rate="1,00" branch-rate="1,00">
      <lines>
        <line number="16" hits="1" branch="false"/><line number="16" hits="1" branch="false"/><line number="16" hits="1" branch="false"/><line number="16" hits="1" branch="false"/><line number="16" hits="1" branch="false"/><line number="16" hits="1" branch="false"/><line number="16" hits="1" branch="false"/><line number="16" hits="1" branch="false"/><line number="16" hits="1" branch="false"/><line number="16" hits="1" branch="false"/>
      </lines>
    </method><method name="de.htwg.model/PlayerManager/incrementAssists" signature="()V" line-rate="1,00" branch-rate="1,00">
      <lines>
        <line number="24" hits="1" branch="false"/><line number="24" hits="1" branch="false"/><line number="24" hits="1" branch="false"/><line number="24" hits="1" branch="false"/><line number="24" hits="1" branch="false"/><line number="24" hits="1" branch="false"/><line number="24" hits="1" branch="false"/><line number="24" hits="1" branch="false"/><line number="24" hits="1" branch="false"/><line number="24" hits="1" branch="false"/>
      </lines>
    </method><method name="de.htwg.model/PlayerManager/sortByGoals" signature="()V" line-rate="1,00" branch-rate="1,00">
      <lines>
        <line number="12" hits="1" branch="false"/><line number="12" hits="1" branch="false"/><line number="12" hits="1" branch="false"/><line number="12" hits="1" branch="false"/><line number="12" hits="1" branch="false"/>
      </lines>
    </method>
      </methods>
      <lines>
        <line number="16" hits="1" branch="false"/><line number="8" hits="1" branch="false"/><line number="12" hits="1" branch="false"/><line number="20" hits="1" branch="false"/><line number="49" hits="1" branch="false"/><line number="35" hits="1" branch="false"/><line number="28" hits="1" branch="false"/><line number="31" hits="1" branch="false"/><line number="49" hits="1" branch="false"/><line number="42" hits="1" branch="false"/><line number="47" hits="1" branch="false"/><line number="38" hits="1" branch="false"/><line number="47" hits="1" branch="false"/><line number="42" hits="1" branch="false"/><line number="28" hits="1" branch="false"/><line number="31" hits="1" branch="false"/><line number="38" hits="1" branch="false"/><line number="20" hits="1" branch="false"/><line number="8" hits="1" branch="false"/><line number="12" hits="1" branch="false"/><line number="24" hits="1" branch="false"/><line number="49" hits="1" branch="false"/><line number="16" hits="1" branch="false"/><line number="31" hits="1" branch="false"/><line number="47" hits="1" branch="false"/><line number="35" hits="1" branch="false"/><line number="8" hits="1" branch="false"/><line number="12" hits="1" branch="false"/><line number="42" hits="1" branch="false"/><line number="47" hits="1" branch="false"/><line number="28" hits="1" branch="false"/><line number="31" hits="1" branch="false"/><line number="42" hits="1" branch="false"/><line number="35" hits="1" branch="false"/><line number="38" hits="1" branch="false"/><line number="16" hits="1" branch="false"/><line number="20" hits="1" branch="false"/><line number="24" hits="1" branch="false"/><line number="24" hits="1" branch="false"/><line number="20" hits="1" branch="false"/><line number="8" hits="1" branch="false"/><line number="16" hits="1" branch="false"/><line number="20" hits="1" branch="false"/><line number="42" hits="1" branch="false"/><line number="47" hits="1" branch="false"/><line number="38" hits="1" branch="false"/><line number="38" hits="1" branch="false"/><line number="49" hits="1" branch="false"/><line number="16" hits="1" branch="false"/><line number="47" hits="1" branch="false"/><line number="38" hits="1" branch="false"/><line number="28" hits="1" branch="false"/><line number="42" hits="1" branch="false"/><line number="31" hits="1" branch="false"/><line number="20" hits="1" branch="false"/><line number="35" hits="1" branch="false"/><line number="24" hits="1" branch="false"/><line number="49" hits="1" branch="false"/><line number="16" hits="1" branch="false"/><line number="47" hits="1" branch="false"/><line number="8" hits="1" branch="false"/><line number="16" hits="1" branch="false"/><line number="20" hits="1" branch="false"/><line number="47" hits="1" branch="false"/><line number="49" hits="1" branch="false"/><line number="49" hits="1" branch="false"/><line number="42" hits="1" branch="false"/><line number="35" hits="1" branch="false"/><line number="38" hits="1" branch="false"/><line number="28" hits="1" branch="false"/><line number="31" hits="1" branch="false"/><line number="24" hits="1" branch="false"/><line number="28" hits="1" branch="false"/><line number="31" hits="1" branch="false"/><line number="35" hits="1" branch="false"/><line number="24" hits="1" branch="false"/><line number="12" hits="1" branch="false"/><line number="16" hits="1" branch="false"/><line number="28" hits="1" branch="false"/><line number="8" hits="1" branch="false"/><line number="20" hits="1" branch="false"/><line number="8" hits="1" branch="false"/><line number="47" hits="1" branch="false"/><line number="49" hits="1" branch="false"/><line number="49" hits="1" branch="false"/><line number="31" hits="1" branch="false"/><line number="35" hits="1" branch="false"/><line number="47" hits="1" branch="false"/><line number="38" hits="1" branch="false"/><line number="42" hits="1" branch="false"/><line number="24" hits="1" branch="false"/><line number="28" hits="1" branch="false"/><line number="35" hits="1" branch="false"/><line number="49" hits="1" branch="false"/><line number="16" hits="1" branch="false"/><line number="12" hits="1" branch="false"/><line number="24" hits="1" branch="false"/><line number="28" hits="1" branch="false"/><line number="20" hits="1" branch="false"/><line number="8" hits="1" branch="false"/><line number="47" hits="1" branch="false"/><line number="38" hits="1" branch="false"/><line number="49" hits="1" branch="false"/><line number="42" hits="1" branch="false"/><line number="31" hits="1" branch="false"/><line number="46" hits="1" branch="false"/><line number="35" hits="1" branch="false"/><line number="42" hits="1" branch="false"/><line number="31" hits="1" branch="false"/><line number="35" hits="1" branch="false"/><line number="24" hits="1" branch="false"/><line number="28" hits="1" branch="false"/><line number="8" hits="1" branch="false"/><line number="38" hits="1" branch="false"/><line number="16" hits="1" branch="false"/><line number="20" hits="1" branch="false"/><line number="24" hits="1" branch="false"/>
      </lines>
    </class><class name="Group" filename="src/main/scala/de/htwg/model/Group.scala" line-rate="0,44" branch-rate="0,50" complexity="0">
      <methods>
        <method name="de.htwg.model/Group/getWinner" signature="()V" line-rate="0,00" branch-rate="0,00">
      <lines>
        <line number="28" hits="0" branch="false"/><line number="30" hits="0" branch="false"/><line number="28" hits="0" branch="false"/><line number="26" hits="0" branch="false"/><line number="28" hits="0" branch="false"/><line number="28" hits="0" branch="false"/><line number="30" hits="0" branch="false"/><line number="26" hits="0" branch="false"/><line number="26" hits="0" branch="false"/>
      </lines>
    </method><method name="de.htwg.model/Group/getGames" signature="()V" line-rate="1,00" branch-rate="1,00">
      <lines>
        <line number="23" hits="1" branch="false"/>
      </lines>
    </method><method name="de.htwg.model/Group/refractorGamePlan" signature="()V" line-rate="0,00" branch-rate="0,00">
      <lines>
        <line number="55" hits="0" branch="false"/><line number="52" hits="0" branch="false"/><line number="54" hits="0" branch="false"/><line number="60" hits="0" branch="false"/><line number="52" hits="0" branch="false"/><line number="55" hits="0" branch="false"/><line number="51" hits="0" branch="false"/><line number="61" hits="0" branch="false"/><line number="55" hits="0" branch="false"/><line number="55" hits="0" branch="false"/><line number="52" hits="0" branch="false"/><line number="51" hits="0" branch="false"/><line number="54" hits="0" branch="false"/><line number="60" hits="0" branch="false"/><line number="52" hits="0" branch="false"/><line number="55" hits="0" branch="false"/><line number="52" hits="0" branch="false"/><line number="51" hits="0" branch="false"/><line number="52" hits="0" branch="false"/><line number="50" hits="0" branch="false"/><line number="55" hits="0" branch="false"/><line number="55" hits="0" branch="false"/><line number="51" hits="0" branch="false"/><line number="50" hits="0" branch="false"/><line number="52" hits="0" branch="false"/><line number="54" hits="0" branch="false"/><line number="55" hits="0" branch="false"/><line number="60" hits="0" branch="false"/><line number="52" hits="0" branch="false"/><line number="55" hits="0" branch="false"/><line number="52" hits="0" branch="false"/><line number="52" hits="0" branch="false"/><line number="60" hits="0" branch="false"/><line number="55" hits="0" branch="false"/><line number="55" hits="0" branch="false"/><line number="61" hits="0" branch="false"/><line number="54" hits="0" branch="false"/><line number="52" hits="0" branch="false"/><line number="52" hits="0" branch="false"/><line number="55" hits="0" branch="false"/>
      </lines>
    </method><method name="de.htwg.model/Group/setGameResult" signature="()V" line-rate="0,00" branch-rate="0,00">
      <lines>
        <line number="66" hits="0" branch="false"/><line number="66" hits="0" branch="false"/><line number="66" hits="0" branch="false"/><line number="66" hits="0" branch="false"/><line number="66" hits="0" branch="false"/><line number="66" hits="0" branch="false"/><line number="66" hits="0" branch="false"/><line number="66" hits="0" branch="false"/><line number="66" hits="0" branch="false"/><line number="66" hits="0" branch="false"/><line number="66" hits="0" branch="false"/>
      </lines>
    </method><method name="de.htwg.model/Group/getGameById" signature="()V" line-rate="1,00" branch-rate="1,00">
      <lines>
        <line number="38" hits="1" branch="false"/>
      </lines>
    </method><method name="de.htwg.model/Group/&lt;none&gt;" signature="()V" line-rate="1,00" branch-rate="1,00">
      <lines>
        <line number="15" hits="1" branch="false"/><line number="18" hits="1" branch="false"/><line number="12" hits="1" branch="false"/><line number="13" hits="1" branch="false"/><line number="17" hits="1" branch="false"/><line number="15" hits="1" branch="false"/><line number="12" hits="1" branch="false"/><line number="12" hits="1" branch="false"/><line number="10" hits="1" branch="false"/><line number="15" hits="1" branch="false"/><line number="13" hits="1" branch="false"/><line number="17" hits="1" branch="false"/><line number="9" hits="1" branch="false"/><line number="13" hits="1" branch="false"/><line number="15" hits="1" branch="false"/><line number="18" hits="1" branch="false"/><line number="13" hits="1" branch="false"/><line number="15" hits="1" branch="false"/><line number="10" hits="1" branch="false"/><line number="12" hits="1" branch="false"/><line number="12" hits="1" branch="false"/><line number="16" hits="1" branch="false"/><line number="15" hits="1" branch="false"/><line number="16" hits="1" branch="false"/><line number="14" hits="1" branch="false"/><line number="12" hits="1" branch="false"/><line number="15" hits="1" branch="false"/><line number="15" hits="1" branch="false"/><line number="17" hits="1" branch="false"/><line number="11" hits="1" branch="false"/><line number="12" hits="1" branch="false"/><line number="13" hits="1" branch="false"/><line number="15" hits="1" branch="false"/><line number="17" hits="1" branch="false"/><line number="10" hits="1" branch="false"/><line number="17" hits="1" branch="false"/>
      </lines>
    </method><method name="de.htwg.model/Group/sort" signature="()V" line-rate="1,00" branch-rate="1,00">
      <lines>
        <line number="44" hits="1" branch="false"/><line number="42" hits="1" branch="false"/><line number="42" hits="1" branch="false"/><line number="43" hits="1" branch="false"/><line number="44" hits="1" branch="false"/><line number="45" hits="1" branch="false"/><line number="43" hits="1" branch="false"/><line number="43" hits="1" branch="false"/><line number="43" hits="1" branch="false"/>
      </lines>
    </method><method name="de.htwg.model/Group/getTable" signature="()V" line-rate="0,50" branch-rate="1,00">
      <lines>
        <line number="36" hits="0" branch="false"/><line number="36" hits="0" branch="false"/><line number="35" hits="1" branch="false"/><line number="35" hits="1" branch="false"/>
      </lines>
    </method>
      </methods>
      <lines>
        <line number="28" hits="0" branch="false"/><line number="55" hits="0" branch="false"/><line number="52" hits="0" branch="false"/><line number="66" hits="0" branch="false"/><line number="54" hits="0" branch="false"/><line number="36" hits="0" branch="false"/><line number="15" hits="1" branch="false"/><line number="44" hits="1" branch="false"/><line number="18" hits="1" branch="false"/><line number="12" hits="1" branch="false"/><line number="13" hits="1" branch="false"/><line number="60" hits="0" branch="false"/><line number="17" hits="1" branch="false"/><line number="15" hits="1" branch="false"/><line number="52" hits="0" branch="false"/><line number="30" hits="0" branch="false"/><line number="55" hits="0" branch="false"/><line number="42" hits="1" branch="false"/><line number="51" hits="0" branch="false"/><line number="12" hits="1" branch="false"/><line number="12" hits="1" branch="false"/><line number="10" hits="1" branch="false"/><line number="15" hits="1" branch="false"/><line number="13" hits="1" branch="false"/><line number="66" hits="0" branch="false"/><line number="61" hits="0" branch="false"/><line number="66" hits="0" branch="false"/><line number="55" hits="0" branch="false"/><line number="55" hits="0" branch="false"/><line number="52" hits="0" branch="false"/><line number="28" hits="0" branch="false"/><line number="42" hits="1" branch="false"/><line number="51" hits="0" branch="false"/><line number="54" hits="0" branch="false"/><line number="23" hits="1" branch="false"/><line number="26" hits="0" branch="false"/><line number="17" hits="1" branch="false"/><line number="9" hits="1" branch="false"/><line number="60" hits="0" branch="false"/><line number="52" hits="0" branch="false"/><line number="66" hits="0" branch="false"/><line number="55" hits="0" branch="false"/><line number="43" hits="1" branch="false"/><line number="52" hits="0" branch="false"/><line number="13" hits="1" branch="false"/><line number="15" hits="1" branch="false"/><line number="36" hits="0" branch="false"/><line number="51" hits="0" branch="false"/><line number="18" hits="1" branch="false"/><line number="52" hits="0" branch="false"/><line number="13" hits="1" branch="false"/><line number="15" hits="1" branch="false"/><line number="50" hits="0" branch="false"/><line number="10" hits="1" branch="false"/><line number="55" hits="0" branch="false"/><line number="44" hits="1" branch="false"/><line number="28" hits="0" branch="false"/><line number="12" hits="1" branch="false"/><line number="12" hits="1" branch="false"/><line number="16" hits="1" branch="false"/><line number="15" hits="1" branch="false"/><line number="55" hits="0" branch="false"/><line number="51" hits="0" branch="false"/><line number="66" hits="0" branch="false"/><line number="66" hits="0" branch="false"/><line number="50" hits="0" branch="false"/><line number="52" hits="0" branch="false"/><line number="54" hits="0" branch="false"/><line number="55" hits="0" branch="false"/><line number="60" hits="0" branch="false"/><line number="28" hits="0" branch="false"/><line number="38" hits="1" branch="false"/><line number="16" hits="1" branch="false"/><line number="14" hits="1" branch="false"/><line number="12" hits="1" branch="false"/><line number="66" hits="0" branch="false"/><line number="15" hits="1" branch="false"/><line number="45" hits="1" branch="false"/><line number="52" hits="0" branch="false"/><line number="55" hits="0" branch="false"/><line number="52" hits="0" branch="false"/><line number="52" hits="0" branch="false"/><line number="15" hits="1" branch="false"/><line number="17" hits="1" branch="false"/><line number="43" hits="1" branch="false"/><line number="11" hits="1" branch="false"/><line number="60" hits="0" branch="false"/><line number="66" hits="0" branch="false"/><line number="12" hits="1" branch="false"/><line number="55" hits="0" branch="false"/><line number="30" hits="0" branch="false"/><line number="13" hits="1" branch="false"/><line number="43" hits="1" branch="false"/><line number="26" hits="0" branch="false"/><line number="35" hits="1" branch="false"/><line number="15" hits="1" branch="false"/><line number="17" hits="1" branch="false"/><line number="10" hits="1" branch="false"/><line number="66" hits="0" branch="false"/><line number="55" hits="0" branch="false"/><line number="61" hits="0" branch="false"/><line number="54" hits="0" branch="false"/><line number="66" hits="0" branch="false"/><line number="52" hits="0" branch="false"/><line number="52" hits="0" branch="false"/><line number="35" hits="1" branch="false"/><line number="43" hits="1" branch="false"/><line number="55" hits="0" branch="false"/><line number="17" hits="1" branch="false"/><line number="26" hits="0" branch="false"/><line number="66" hits="0" branch="false"/>
      </lines>
    </class>
      </classes>
    </package>
      </packages>
    </coverage>